<?xml version="1.0" encoding="UTF-8"?>
<!-- Generated by org.testng.reporters.JUnitReportReporter -->
<testsuite skipped="0" hostname="Humaira" name="com.bank.testsuite.BankTest" tests="5" failures="0" timestamp="2022-12-12T11:44:29 GMT" time="28.684" errors="0">
  <testcase name="customerShouldLoginAndLogoutSuccessfully" time="3.916" classname="com.bank.testsuite.BankTest"/>
  <system-out>
    <![CDATA[Enter name in the First Name Field [[ChromeDriver: chrome on WINDOWS (6ac3a3b99f9a4fd35015a4bd9ade6898)] -> xpath: //input[@placeholder = 'First Name']]
Enter surname in the Last Name Field [[ChromeDriver: chrome on WINDOWS (6ac3a3b99f9a4fd35015a4bd9ade6898)] -> xpath: //input[@placeholder = 'Last Name']]
Enter postcode in the Postcode Field [[ChromeDriver: chrome on WINDOWS (6ac3a3b99f9a4fd35015a4bd9ade6898)] -> xpath: //input[@placeholder = 'Post Code']]
Click on Add Customer button [[ChromeDriver: chrome on WINDOWS (6ac3a3b99f9a4fd35015a4bd9ade6898)] -> xpath: //button[text()= 'Add Customer']]
click on Ok on pop [[ChromeDriver: chrome on WINDOWS (6ac3a3b99f9a4fd35015a4bd9ade6898)] -> xpath: //input[@placeholder = 'First Name']]
Verifying Logout Tab is displayed[[ChromeDriver: chrome on WINDOWS (6ac3a3b99f9a4fd35015a4bd9ade6898)] -> xpath: //button[text()= 'Logout']]
Clicking on Logout button[[ChromeDriver: chrome on WINDOWS (6ac3a3b99f9a4fd35015a4bd9ade6898)] -> xpath: //button[text()= 'Logout']]]]>
  </system-out>
  <testcase name="customerShouldDepositMoneySuccessfully" time="3.748" classname="com.bank.testsuite.BankTest"/>
  <system-out>
    <![CDATA[Enter name in the First Name Field [[ChromeDriver: chrome on WINDOWS (9302888f42eb0862eadce94a39e5c231)] -> xpath: //input[@placeholder = 'First Name']]
Enter surname in the Last Name Field [[ChromeDriver: chrome on WINDOWS (9302888f42eb0862eadce94a39e5c231)] -> xpath: //input[@placeholder = 'Last Name']]
Enter postcode in the Postcode Field [[ChromeDriver: chrome on WINDOWS (9302888f42eb0862eadce94a39e5c231)] -> xpath: //input[@placeholder = 'Post Code']]
Click on Add Customer button [[ChromeDriver: chrome on WINDOWS (9302888f42eb0862eadce94a39e5c231)] -> xpath: //button[text()= 'Add Customer']]
click on Ok on pop [[ChromeDriver: chrome on WINDOWS (9302888f42eb0862eadce94a39e5c231)] -> xpath: //input[@placeholder = 'First Name']]
Clicking on Deposit Tab[[ChromeDriver: chrome on WINDOWS (9302888f42eb0862eadce94a39e5c231)] -> xpath: //button[@ng-click= 'deposit()']]
Enter amount[[ChromeDriver: chrome on WINDOWS (9302888f42eb0862eadce94a39e5c231)] -> xpath: //input[@ng-model= 'amount']]
Clicking on Deposit button[[ChromeDriver: chrome on WINDOWS (9302888f42eb0862eadce94a39e5c231)] -> xpath: //button[text()= 'Deposit']]
Verifying Deposit is successful[[ChromeDriver: chrome on WINDOWS (9302888f42eb0862eadce94a39e5c231)] -> xpath: //span[text()= 'Deposit Successful']]]]>
  </system-out>
  <testcase name="customerShouldWithdrawMoneySuccessfully" time="8.809" classname="com.bank.testsuite.BankTest"/>
  <system-out>
    <![CDATA[Enter name in the First Name Field [[ChromeDriver: chrome on WINDOWS (d1a3327cf5591051c4bdfda2d8dadab1)] -> xpath: //input[@placeholder = 'First Name']]
Enter surname in the Last Name Field [[ChromeDriver: chrome on WINDOWS (d1a3327cf5591051c4bdfda2d8dadab1)] -> xpath: //input[@placeholder = 'Last Name']]
Enter postcode in the Postcode Field [[ChromeDriver: chrome on WINDOWS (d1a3327cf5591051c4bdfda2d8dadab1)] -> xpath: //input[@placeholder = 'Post Code']]
Click on Add Customer button [[ChromeDriver: chrome on WINDOWS (d1a3327cf5591051c4bdfda2d8dadab1)] -> xpath: //button[text()= 'Add Customer']]
click on Ok on pop [[ChromeDriver: chrome on WINDOWS (d1a3327cf5591051c4bdfda2d8dadab1)] -> xpath: //input[@placeholder = 'First Name']]
Clicking on Deposit Tab[[ChromeDriver: chrome on WINDOWS (d1a3327cf5591051c4bdfda2d8dadab1)] -> xpath: //button[@ng-click= 'deposit()']]
Enter amount[[ChromeDriver: chrome on WINDOWS (d1a3327cf5591051c4bdfda2d8dadab1)] -> xpath: //input[@ng-model= 'amount']]
Clicking on Deposit button[[ChromeDriver: chrome on WINDOWS (d1a3327cf5591051c4bdfda2d8dadab1)] -> xpath: //button[text()= 'Deposit']]
Clicking on Withdrawal Tab[[ChromeDriver: chrome on WINDOWS (d1a3327cf5591051c4bdfda2d8dadab1)] -> xpath: //button[@ng-click= 'withdrawl()']]
Enter amount[[ChromeDriver: chrome on WINDOWS (d1a3327cf5591051c4bdfda2d8dadab1)] -> xpath: //input[@ng-model= 'amount']]
Clicking on Withdraw button[[ChromeDriver: chrome on WINDOWS (d1a3327cf5591051c4bdfda2d8dadab1)] -> xpath: //button[text()= 'Withdraw']]
Verifying that Withdrawal is successful[[ChromeDriver: chrome on WINDOWS (d1a3327cf5591051c4bdfda2d8dadab1)] -> xpath: //span[text()= 'Transaction successful']]]]>
  </system-out>
  <testcase name="bankManagerShouldAddCustomerSuccessfully" time="3.903" classname="com.bank.testsuite.BankTest"/>
  <system-out>
    <![CDATA[Enter name in the First Name Field [[ChromeDriver: chrome on WINDOWS (c2680e2238a115f44a42fe5d5278cbcd)] -> xpath: //input[@placeholder = 'First Name']]
Enter surname in the Last Name Field [[ChromeDriver: chrome on WINDOWS (c2680e2238a115f44a42fe5d5278cbcd)] -> xpath: //input[@placeholder = 'Last Name']]
Enter postcode in the Postcode Field [[ChromeDriver: chrome on WINDOWS (c2680e2238a115f44a42fe5d5278cbcd)] -> xpath: //input[@placeholder = 'Post Code']]
Click on Add Customer button [[ChromeDriver: chrome on WINDOWS (c2680e2238a115f44a42fe5d5278cbcd)] -> xpath: //button[text()= 'Add Customer']]
Verifying Pop up display message
click on Ok on pop [[ChromeDriver: chrome on WINDOWS (c2680e2238a115f44a42fe5d5278cbcd)] -> xpath: //input[@placeholder = 'First Name']]]]>
  </system-out>
  <testcase name="bankManagerShouldOpenAccountSuccessfully" time="8.308" classname="com.bank.testsuite.BankTest"/>
  <system-out>
    <![CDATA[Enter name in the First Name Field [[ChromeDriver: chrome on WINDOWS (2a52811eb06ba7f529c4daea8aae2088)] -> xpath: //input[@placeholder = 'First Name']]
Enter surname in the Last Name Field [[ChromeDriver: chrome on WINDOWS (2a52811eb06ba7f529c4daea8aae2088)] -> xpath: //input[@placeholder = 'Last Name']]
Enter postcode in the Postcode Field [[ChromeDriver: chrome on WINDOWS (2a52811eb06ba7f529c4daea8aae2088)] -> xpath: //input[@placeholder = 'Post Code']]
Click on Add Customer button [[ChromeDriver: chrome on WINDOWS (2a52811eb06ba7f529c4daea8aae2088)] -> xpath: //button[text()= 'Add Customer']]
click on Ok on pop [[ChromeDriver: chrome on WINDOWS (2a52811eb06ba7f529c4daea8aae2088)] -> xpath: //input[@placeholder = 'First Name']]]]>
  </system-out>
</testsuite> <!-- com.bank.testsuite.BankTest -->
